<?xml version="1.0" encoding="UTF-8"?>
<coverage generated="1638438685425" clover="3.2.0">
  <project timestamp="1638438685425" name="All files">
    <metrics statements="51" coveredstatements="45" conditionals="21" coveredconditionals="14" methods="15" coveredmethods="12" elements="87" coveredelements="71" complexity="0" loc="51" ncloc="51" packages="8" files="16" classes="16"/>
    <package name="src">
      <metrics statements="12" coveredstatements="12" conditionals="6" coveredconditionals="3" methods="1" coveredmethods="0"/>
      <file name="app.js" path="C:\Users\gabri\Documents\VS Code\Driven\Projetos\projeto_16_APISingMeASong\src\app.js">
        <metrics statements="8" coveredstatements="8" conditionals="0" coveredconditionals="0" methods="1" coveredmethods="0"/>
        <line num="9" count="2" type="stmt"/>
        <line num="10" count="2" type="stmt"/>
        <line num="11" count="2" type="stmt"/>
        <line num="13" count="2" type="stmt"/>
        <line num="14" count="2" type="stmt"/>
        <line num="15" count="2" type="stmt"/>
        <line num="16" count="2" type="stmt"/>
        <line num="18" count="2" type="stmt"/>
      </file>
      <file name="database.js" path="C:\Users\gabri\Documents\VS Code\Driven\Projetos\projeto_16_APISingMeASong\src\database.js">
        <metrics statements="0" coveredstatements="0" conditionals="2" coveredconditionals="1" methods="0" coveredmethods="0"/>
      </file>
      <file name="setup.js" path="C:\Users\gabri\Documents\VS Code\Driven\Projetos\projeto_16_APISingMeASong\src\setup.js">
        <metrics statements="4" coveredstatements="4" conditionals="4" coveredconditionals="2" methods="0" coveredmethods="0"/>
        <line num="3" count="3" type="stmt"/>
        <line num="4" count="3" type="cond" truecount="1" falsecount="1"/>
        <line num="5" count="3" type="cond" truecount="1" falsecount="1"/>
        <line num="7" count="3" type="stmt"/>
      </file>
    </package>
    <package name="src.controllers">
      <metrics statements="13" coveredstatements="11" conditionals="6" coveredconditionals="4" methods="2" coveredmethods="2"/>
      <file name="recommendationsController.js" path="C:\Users\gabri\Documents\VS Code\Driven\Projetos\projeto_16_APISingMeASong\src\controllers\recommendationsController.js">
        <metrics statements="7" coveredstatements="6" conditionals="4" coveredconditionals="3" methods="1" coveredmethods="1"/>
        <line num="6" count="5" type="stmt"/>
        <line num="7" count="5" type="stmt"/>
        <line num="8" count="2" type="stmt"/>
        <line num="10" count="1" type="stmt"/>
        <line num="12" count="4" type="cond" truecount="2" falsecount="0"/>
        <line num="13" count="1" type="cond" truecount="1" falsecount="1"/>
        <line num="14" count="0" type="stmt"/>
      </file>
      <file name="votesController.js" path="C:\Users\gabri\Documents\VS Code\Driven\Projetos\projeto_16_APISingMeASong\src\controllers\votesController.js">
        <metrics statements="6" coveredstatements="5" conditionals="2" coveredconditionals="1" methods="1" coveredmethods="1"/>
        <line num="5" count="4" type="stmt"/>
        <line num="6" count="4" type="stmt"/>
        <line num="7" count="4" type="stmt"/>
        <line num="9" count="2" type="stmt"/>
        <line num="11" count="2" type="cond" truecount="1" falsecount="1"/>
        <line num="12" count="0" type="stmt"/>
      </file>
    </package>
    <package name="src.errors">
      <metrics statements="4" coveredstatements="4" conditionals="0" coveredconditionals="0" methods="2" coveredmethods="2"/>
      <file name="SongNotFound.js" path="C:\Users\gabri\Documents\VS Code\Driven\Projetos\projeto_16_APISingMeASong\src\errors\SongNotFound.js">
        <metrics statements="2" coveredstatements="2" conditionals="0" coveredconditionals="0" methods="1" coveredmethods="1"/>
        <line num="3" count="2" type="stmt"/>
        <line num="4" count="2" type="stmt"/>
      </file>
      <file name="ValidationError.js" path="C:\Users\gabri\Documents\VS Code\Driven\Projetos\projeto_16_APISingMeASong\src\errors\ValidationError.js">
        <metrics statements="2" coveredstatements="2" conditionals="0" coveredconditionals="0" methods="1" coveredmethods="1"/>
        <line num="3" count="3" type="stmt"/>
        <line num="4" count="3" type="stmt"/>
      </file>
    </package>
    <package name="src.middlewares">
      <metrics statements="6" coveredstatements="4" conditionals="0" coveredconditionals="0" methods="2" coveredmethods="1"/>
      <file name="errorHandler.js" path="C:\Users\gabri\Documents\VS Code\Driven\Projetos\projeto_16_APISingMeASong\src\middlewares\errorHandler.js">
        <metrics statements="2" coveredstatements="0" conditionals="0" coveredconditionals="0" methods="1" coveredmethods="0"/>
        <line num="2" count="0" type="stmt"/>
        <line num="3" count="0" type="stmt"/>
      </file>
      <file name="formatLink.js" path="C:\Users\gabri\Documents\VS Code\Driven\Projetos\projeto_16_APISingMeASong\src\middlewares\formatLink.js">
        <metrics statements="4" coveredstatements="4" conditionals="0" coveredconditionals="0" methods="1" coveredmethods="1"/>
        <line num="2" count="5" type="stmt"/>
        <line num="3" count="5" type="stmt"/>
        <line num="5" count="5" type="stmt"/>
        <line num="7" count="5" type="stmt"/>
      </file>
    </package>
    <package name="src.repositories">
      <metrics statements="6" coveredstatements="4" conditionals="1" coveredconditionals="0" methods="4" coveredmethods="3"/>
      <file name="reccomendationRepository.js" path="C:\Users\gabri\Documents\VS Code\Driven\Projetos\projeto_16_APISingMeASong\src\repositories\reccomendationRepository.js">
        <metrics statements="1" coveredstatements="1" conditionals="0" coveredconditionals="0" methods="1" coveredmethods="1"/>
        <line num="4" count="2" type="stmt"/>
      </file>
      <file name="votesRepository.js" path="C:\Users\gabri\Documents\VS Code\Driven\Projetos\projeto_16_APISingMeASong\src\repositories\votesRepository.js">
        <metrics statements="5" coveredstatements="3" conditionals="1" coveredconditionals="0" methods="3" coveredmethods="2"/>
        <line num="4" count="4" type="stmt"/>
        <line num="17" count="4" type="stmt"/>
        <line num="21" count="2" type="stmt"/>
        <line num="28" count="0" type="stmt"/>
        <line num="32" count="0" type="stmt"/>
      </file>
    </package>
    <package name="src.services">
      <metrics statements="6" coveredstatements="6" conditionals="6" coveredconditionals="5" methods="2" coveredmethods="2"/>
      <file name="recommendationService.js" path="C:\Users\gabri\Documents\VS Code\Driven\Projetos\projeto_16_APISingMeASong\src\services\recommendationService.js">
        <metrics statements="1" coveredstatements="1" conditionals="0" coveredconditionals="0" methods="1" coveredmethods="1"/>
        <line num="4" count="2" type="stmt"/>
      </file>
      <file name="votesService.js" path="C:\Users\gabri\Documents\VS Code\Driven\Projetos\projeto_16_APISingMeASong\src\services\votesService.js">
        <metrics statements="5" coveredstatements="5" conditionals="6" coveredconditionals="5" methods="1" coveredmethods="1"/>
        <line num="5" count="5" type="stmt"/>
        <line num="6" count="5" type="cond" truecount="2" falsecount="0"/>
        <line num="8" count="2" type="stmt"/>
        <line num="10" count="2" type="stmt"/>
        <line num="11" count="2" type="cond" truecount="3" falsecount="1"/>
      </file>
    </package>
    <package name="src.validations">
      <metrics statements="3" coveredstatements="3" conditionals="2" coveredconditionals="2" methods="1" coveredmethods="1"/>
      <file name="schemas.js" path="C:\Users\gabri\Documents\VS Code\Driven\Projetos\projeto_16_APISingMeASong\src\validations\schemas.js">
        <metrics statements="1" coveredstatements="1" conditionals="0" coveredconditionals="0" methods="0" coveredmethods="0"/>
        <line num="3" count="2" type="stmt"/>
      </file>
      <file name="validations.js" path="C:\Users\gabri\Documents\VS Code\Driven\Projetos\projeto_16_APISingMeASong\src\validations\validations.js">
        <metrics statements="2" coveredstatements="2" conditionals="2" coveredconditionals="2" methods="1" coveredmethods="1"/>
        <line num="5" count="5" type="stmt"/>
        <line num="6" count="5" type="cond" truecount="2" falsecount="0"/>
      </file>
    </package>
    <package name="tests.integration.factories">
      <metrics statements="1" coveredstatements="1" conditionals="0" coveredconditionals="0" methods="1" coveredmethods="1"/>
      <file name="recommendationFactory.js" path="C:\Users\gabri\Documents\VS Code\Driven\Projetos\projeto_16_APISingMeASong\tests\integration\factories\recommendationFactory.js">
        <metrics statements="1" coveredstatements="1" conditionals="0" coveredconditionals="0" methods="1" coveredmethods="1"/>
        <line num="4" count="2" type="stmt"/>
      </file>
    </package>
  </project>
</coverage>
