<?xml version="1.0" encoding="UTF-8"?>
<coverage generated="1638768360717" clover="3.2.0">
  <project timestamp="1638768360717" name="All files">
    <metrics statements="39" coveredstatements="29" conditionals="28" coveredconditionals="25" methods="12" coveredmethods="6" elements="79" coveredelements="60" complexity="0" loc="39" ncloc="39" packages="4" files="7" classes="7"/>
    <package name="src">
      <metrics statements="4" coveredstatements="4" conditionals="6" coveredconditionals="3" methods="0" coveredmethods="0"/>
      <file name="database.js" path="C:\Users\gabri\Documents\VS Code\Driven\Projetos\projeto_16_APISingMeASong\src\database.js">
        <metrics statements="0" coveredstatements="0" conditionals="2" coveredconditionals="1" methods="0" coveredmethods="0"/>
      </file>
      <file name="setup.js" path="C:\Users\gabri\Documents\VS Code\Driven\Projetos\projeto_16_APISingMeASong\src\setup.js">
        <metrics statements="4" coveredstatements="4" conditionals="4" coveredconditionals="2" methods="0" coveredmethods="0"/>
        <line num="3" count="2" type="stmt"/>
        <line num="4" count="2" type="cond" truecount="1" falsecount="1"/>
        <line num="5" count="2" type="cond" truecount="1" falsecount="1"/>
        <line num="7" count="2" type="stmt"/>
      </file>
    </package>
    <package name="src.errors">
      <metrics statements="2" coveredstatements="2" conditionals="0" coveredconditionals="0" methods="1" coveredmethods="1"/>
      <file name="SongNotFound.js" path="C:\Users\gabri\Documents\VS Code\Driven\Projetos\projeto_16_APISingMeASong\src\errors\SongNotFound.js">
        <metrics statements="2" coveredstatements="2" conditionals="0" coveredconditionals="0" methods="1" coveredmethods="1"/>
        <line num="3" count="4" type="stmt"/>
        <line num="4" count="4" type="stmt"/>
      </file>
    </package>
    <package name="src.repositories">
      <metrics statements="11" coveredstatements="2" conditionals="0" coveredconditionals="0" methods="7" coveredmethods="2"/>
      <file name="recommendationsRepository.js" path="C:\Users\gabri\Documents\VS Code\Driven\Projetos\projeto_16_APISingMeASong\src\repositories\recommendationsRepository.js">
        <metrics statements="7" coveredstatements="0" conditionals="0" coveredconditionals="0" methods="4" coveredmethods="0"/>
        <line num="4" count="0" type="stmt"/>
        <line num="11" count="0" type="stmt"/>
        <line num="15" count="0" type="stmt"/>
        <line num="19" count="0" type="stmt"/>
        <line num="23" count="0" type="stmt"/>
        <line num="27" count="0" type="stmt"/>
        <line num="28" count="0" type="stmt"/>
      </file>
      <file name="votesRepository.js" path="C:\Users\gabri\Documents\VS Code\Driven\Projetos\projeto_16_APISingMeASong\src\repositories\votesRepository.js">
        <metrics statements="4" coveredstatements="2" conditionals="0" coveredconditionals="0" methods="3" coveredmethods="2"/>
        <line num="4" count="0" type="stmt"/>
        <line num="8" count="0" type="stmt"/>
        <line num="12" count="2" type="stmt"/>
        <line num="19" count="1" type="stmt"/>
      </file>
    </package>
    <package name="src.services">
      <metrics statements="22" coveredstatements="21" conditionals="22" coveredconditionals="22" methods="4" coveredmethods="3"/>
      <file name="recommendationsService.js" path="C:\Users\gabri\Documents\VS Code\Driven\Projetos\projeto_16_APISingMeASong\src\services\recommendationsService.js">
        <metrics statements="14" coveredstatements="13" conditionals="14" coveredconditionals="14" methods="3" coveredmethods="2"/>
        <line num="5" count="0" type="stmt"/>
        <line num="9" count="2" type="stmt"/>
        <line num="10" count="2" type="cond" truecount="2" falsecount="0"/>
        <line num="11" count="1" type="stmt"/>
        <line num="15" count="8" type="stmt"/>
        <line num="16" count="8" type="stmt"/>
        <line num="17" count="8" type="cond" truecount="2" falsecount="0"/>
        <line num="19" count="7" type="stmt"/>
        <line num="20" count="7" type="stmt"/>
        <line num="21" count="7" type="cond" truecount="4" falsecount="0"/>
        <line num="22" count="7" type="cond" truecount="4" falsecount="0"/>
        <line num="24" count="7" type="stmt"/>
        <line num="25" count="7" type="cond" truecount="2" falsecount="0"/>
        <line num="26" count="6" type="stmt"/>
      </file>
      <file name="votesService.js" path="C:\Users\gabri\Documents\VS Code\Driven\Projetos\projeto_16_APISingMeASong\src\services\votesService.js">
        <metrics statements="8" coveredstatements="8" conditionals="8" coveredconditionals="8" methods="1" coveredmethods="1"/>
        <line num="5" count="4" type="stmt"/>
        <line num="6" count="4" type="cond" truecount="2" falsecount="0"/>
        <line num="7" count="3" type="cond" truecount="4" falsecount="0"/>
        <line num="8" count="1" type="stmt"/>
        <line num="9" count="1" type="stmt"/>
        <line num="12" count="2" type="cond" truecount="2" falsecount="0"/>
        <line num="13" count="2" type="stmt"/>
        <line num="14" count="2" type="stmt"/>
      </file>
    </package>
  </project>
</coverage>
