{"C:\\Users\\gabri\\Documents\\VS Code\\Driven\\Projetos\\projeto_16_APISingMeASong\\src\\app.js": {"path":"C:\\Users\\gabri\\Documents\\VS Code\\Driven\\Projetos\\projeto_16_APISingMeASong\\src\\app.js","statementMap":{"0":{"start":{"line":7,"column":12},"end":{"line":7,"column":21}},"1":{"start":{"line":8,"column":0},"end":{"line":8,"column":24}},"2":{"start":{"line":9,"column":0},"end":{"line":9,"column":16}},"3":{"start":{"line":11,"column":0},"end":{"line":11,"column":54}},"4":{"start":{"line":11,"column":33},"end":{"line":11,"column":52}},"5":{"start":{"line":12,"column":0},"end":{"line":12,"column":31}},"6":{"start":{"line":13,"column":0},"end":{"line":13,"column":21}},"7":{"start":{"line":14,"column":0},"end":{"line":14,"column":22}}},"fnMap":{"0":{"name":"(anonymous_0)","decl":{"start":{"line":11,"column":19},"end":{"line":11,"column":20}},"loc":{"start":{"line":11,"column":33},"end":{"line":11,"column":52}},"line":11}},"branchMap":{},"s":{"0":2,"1":2,"2":2,"3":2,"4":0,"5":2,"6":2,"7":2},"f":{"0":0},"b":{},"_coverageSchema":"1a1c01bbd47fc00a2c39e90264f33305004495a9","hash":"35bad7ac0ada1db1a066253ac3ca5522ab57b390"}
,"C:\\Users\\gabri\\Documents\\VS Code\\Driven\\Projetos\\projeto_16_APISingMeASong\\src\\database.js": {"path":"C:\\Users\\gabri\\Documents\\VS Code\\Driven\\Projetos\\projeto_16_APISingMeASong\\src\\database.js","statementMap":{},"fnMap":{},"branchMap":{"0":{"loc":{"start":{"line":6,"column":7},"end":{"line":6,"column":84}},"type":"cond-expr","locations":[{"start":{"line":6,"column":47},"end":{"line":6,"column":76}},{"start":{"line":6,"column":79},"end":{"line":6,"column":84}}],"line":6}},"s":{},"f":{},"b":{"0":[0,4]},"_coverageSchema":"1a1c01bbd47fc00a2c39e90264f33305004495a9","hash":"18c0865b74c75929ce9a42891e62d521f2163301"}
,"C:\\Users\\gabri\\Documents\\VS Code\\Driven\\Projetos\\projeto_16_APISingMeASong\\src\\setup.js": {"path":"C:\\Users\\gabri\\Documents\\VS Code\\Driven\\Projetos\\projeto_16_APISingMeASong\\src\\setup.js","statementMap":{"0":{"start":{"line":3,"column":11},"end":{"line":3,"column":22}},"1":{"start":{"line":4,"column":0},"end":{"line":4,"column":57}},"2":{"start":{"line":4,"column":43},"end":{"line":4,"column":57}},"3":{"start":{"line":5,"column":0},"end":{"line":5,"column":54}},"4":{"start":{"line":5,"column":36},"end":{"line":5,"column":54}},"5":{"start":{"line":7,"column":0},"end":{"line":7,"column":24}}},"fnMap":{},"branchMap":{"0":{"loc":{"start":{"line":4,"column":0},"end":{"line":4,"column":57}},"type":"if","locations":[{"start":{"line":4,"column":0},"end":{"line":4,"column":57}},{"start":{},"end":{}}],"line":4},"1":{"loc":{"start":{"line":5,"column":0},"end":{"line":5,"column":54}},"type":"if","locations":[{"start":{"line":5,"column":0},"end":{"line":5,"column":54}},{"start":{},"end":{}}],"line":5}},"s":{"0":4,"1":4,"2":0,"3":4,"4":0,"5":4},"f":{},"b":{"0":[0,4],"1":[0,4]},"_coverageSchema":"1a1c01bbd47fc00a2c39e90264f33305004495a9","hash":"8ec8ed349976db7528f27ee27be0b67d81bd2b2d"}
,"C:\\Users\\gabri\\Documents\\VS Code\\Driven\\Projetos\\projeto_16_APISingMeASong\\src\\controllers\\recommendationsController.js": {"path":"C:\\Users\\gabri\\Documents\\VS Code\\Driven\\Projetos\\projeto_16_APISingMeASong\\src\\controllers\\recommendationsController.js","statementMap":{"0":{"start":{"line":7,"column":2},"end":{"line":15,"column":3}},"1":{"start":{"line":8,"column":4},"end":{"line":8,"column":55}},"2":{"start":{"line":9,"column":4},"end":{"line":9,"column":63}},"3":{"start":{"line":10,"column":4},"end":{"line":10,"column":24}},"4":{"start":{"line":12,"column":4},"end":{"line":12,"column":81}},"5":{"start":{"line":12,"column":40},"end":{"line":12,"column":81}},"6":{"start":{"line":13,"column":4},"end":{"line":13,"column":57}},"7":{"start":{"line":13,"column":30},"end":{"line":13,"column":57}},"8":{"start":{"line":14,"column":4},"end":{"line":14,"column":14}},"9":{"start":{"line":19,"column":2},"end":{"line":27,"column":3}},"10":{"start":{"line":20,"column":4},"end":{"line":20,"column":49}},"11":{"start":{"line":21,"column":28},"end":{"line":21,"column":96}},"12":{"start":{"line":22,"column":4},"end":{"line":22,"column":30}},"13":{"start":{"line":24,"column":4},"end":{"line":24,"column":81}},"14":{"start":{"line":24,"column":40},"end":{"line":24,"column":81}},"15":{"start":{"line":25,"column":4},"end":{"line":25,"column":78}},"16":{"start":{"line":25,"column":37},"end":{"line":25,"column":78}},"17":{"start":{"line":26,"column":4},"end":{"line":26,"column":14}},"18":{"start":{"line":31,"column":2},"end":{"line":37,"column":3}},"19":{"start":{"line":32,"column":28},"end":{"line":32,"column":82}},"20":{"start":{"line":33,"column":4},"end":{"line":33,"column":30}},"21":{"start":{"line":35,"column":4},"end":{"line":35,"column":78}},"22":{"start":{"line":35,"column":37},"end":{"line":35,"column":78}},"23":{"start":{"line":36,"column":4},"end":{"line":36,"column":14}}},"fnMap":{"0":{"name":"createRecommendation","decl":{"start":{"line":6,"column":22},"end":{"line":6,"column":42}},"loc":{"start":{"line":6,"column":59},"end":{"line":16,"column":1}},"line":6},"1":{"name":"getTopRecommendations","decl":{"start":{"line":18,"column":22},"end":{"line":18,"column":43}},"loc":{"start":{"line":18,"column":60},"end":{"line":28,"column":1}},"line":18},"2":{"name":"getRandomRecommendations","decl":{"start":{"line":30,"column":22},"end":{"line":30,"column":46}},"loc":{"start":{"line":30,"column":63},"end":{"line":38,"column":1}},"line":30}},"branchMap":{"0":{"loc":{"start":{"line":12,"column":4},"end":{"line":12,"column":81}},"type":"if","locations":[{"start":{"line":12,"column":4},"end":{"line":12,"column":81}},{"start":{},"end":{}}],"line":12},"1":{"loc":{"start":{"line":13,"column":4},"end":{"line":13,"column":57}},"type":"if","locations":[{"start":{"line":13,"column":4},"end":{"line":13,"column":57}},{"start":{},"end":{}}],"line":13},"2":{"loc":{"start":{"line":24,"column":4},"end":{"line":24,"column":81}},"type":"if","locations":[{"start":{"line":24,"column":4},"end":{"line":24,"column":81}},{"start":{},"end":{}}],"line":24},"3":{"loc":{"start":{"line":25,"column":4},"end":{"line":25,"column":78}},"type":"if","locations":[{"start":{"line":25,"column":4},"end":{"line":25,"column":78}},{"start":{},"end":{}}],"line":25},"4":{"loc":{"start":{"line":35,"column":4},"end":{"line":35,"column":78}},"type":"if","locations":[{"start":{"line":35,"column":4},"end":{"line":35,"column":78}},{"start":{},"end":{}}],"line":35}},"s":{"0":5,"1":5,"2":2,"3":1,"4":4,"5":3,"6":1,"7":1,"8":0,"9":0,"10":0,"11":0,"12":0,"13":0,"14":0,"15":0,"16":0,"17":0,"18":0,"19":0,"20":0,"21":0,"22":0,"23":0},"f":{"0":5,"1":0,"2":0},"b":{"0":[3,1],"1":[1,0],"2":[0,0],"3":[0,0],"4":[0,0]},"_coverageSchema":"1a1c01bbd47fc00a2c39e90264f33305004495a9","hash":"49c53850d3f3413d73928b416d5e4ec4435df7e9"}
,"C:\\Users\\gabri\\Documents\\VS Code\\Driven\\Projetos\\projeto_16_APISingMeASong\\src\\controllers\\votesController.js": {"path":"C:\\Users\\gabri\\Documents\\VS Code\\Driven\\Projetos\\projeto_16_APISingMeASong\\src\\controllers\\votesController.js","statementMap":{"0":{"start":{"line":5,"column":2},"end":{"line":12,"column":3}},"1":{"start":{"line":6,"column":21},"end":{"line":6,"column":55}},"2":{"start":{"line":7,"column":19},"end":{"line":7,"column":67}},"3":{"start":{"line":8,"column":4},"end":{"line":8,"column":41}},"4":{"start":{"line":10,"column":4},"end":{"line":10,"column":78}},"5":{"start":{"line":10,"column":37},"end":{"line":10,"column":78}},"6":{"start":{"line":11,"column":4},"end":{"line":11,"column":14}}},"fnMap":{"0":{"name":"vote","decl":{"start":{"line":4,"column":22},"end":{"line":4,"column":26}},"loc":{"start":{"line":4,"column":43},"end":{"line":13,"column":1}},"line":4}},"branchMap":{"0":{"loc":{"start":{"line":10,"column":4},"end":{"line":10,"column":78}},"type":"if","locations":[{"start":{"line":10,"column":4},"end":{"line":10,"column":78}},{"start":{},"end":{}}],"line":10}},"s":{"0":4,"1":4,"2":4,"3":2,"4":2,"5":2,"6":0},"f":{"0":4},"b":{"0":[2,0]},"_coverageSchema":"1a1c01bbd47fc00a2c39e90264f33305004495a9","hash":"2cab56110ddbf3d555624c90e5c289b88d1dc682"}
,"C:\\Users\\gabri\\Documents\\VS Code\\Driven\\Projetos\\projeto_16_APISingMeASong\\src\\errors\\SongNotFound.js": {"path":"C:\\Users\\gabri\\Documents\\VS Code\\Driven\\Projetos\\projeto_16_APISingMeASong\\src\\errors\\SongNotFound.js","statementMap":{"0":{"start":{"line":3,"column":4},"end":{"line":3,"column":19}},"1":{"start":{"line":4,"column":4},"end":{"line":4,"column":31}}},"fnMap":{"0":{"name":"(anonymous_0)","decl":{"start":{"line":2,"column":2},"end":{"line":2,"column":3}},"loc":{"start":{"line":2,"column":23},"end":{"line":5,"column":3}},"line":2}},"branchMap":{},"s":{"0":6,"1":6},"f":{"0":6},"b":{},"_coverageSchema":"1a1c01bbd47fc00a2c39e90264f33305004495a9","hash":"27c3e0ed9d57113fa3054c5eab84e4a8ce696304"}
,"C:\\Users\\gabri\\Documents\\VS Code\\Driven\\Projetos\\projeto_16_APISingMeASong\\src\\errors\\ValidationError.js": {"path":"C:\\Users\\gabri\\Documents\\VS Code\\Driven\\Projetos\\projeto_16_APISingMeASong\\src\\errors\\ValidationError.js","statementMap":{"0":{"start":{"line":3,"column":4},"end":{"line":3,"column":19}},"1":{"start":{"line":4,"column":4},"end":{"line":4,"column":34}}},"fnMap":{"0":{"name":"(anonymous_0)","decl":{"start":{"line":2,"column":2},"end":{"line":2,"column":3}},"loc":{"start":{"line":2,"column":23},"end":{"line":5,"column":3}},"line":2}},"branchMap":{},"s":{"0":3,"1":3},"f":{"0":3},"b":{},"_coverageSchema":"1a1c01bbd47fc00a2c39e90264f33305004495a9","hash":"b11efb15af74a2820654c85e86e6aff445664251"}
,"C:\\Users\\gabri\\Documents\\VS Code\\Driven\\Projetos\\projeto_16_APISingMeASong\\src\\middlewares\\errorHandler.js": {"path":"C:\\Users\\gabri\\Documents\\VS Code\\Driven\\Projetos\\projeto_16_APISingMeASong\\src\\middlewares\\errorHandler.js","statementMap":{"0":{"start":{"line":2,"column":2},"end":{"line":2,"column":21}},"1":{"start":{"line":3,"column":2},"end":{"line":3,"column":22}}},"fnMap":{"0":{"name":"errorHandler","decl":{"start":{"line":1,"column":30},"end":{"line":1,"column":42}},"loc":{"start":{"line":1,"column":64},"end":{"line":4,"column":1}},"line":1}},"branchMap":{},"s":{"0":0,"1":0},"f":{"0":0},"b":{},"_coverageSchema":"1a1c01bbd47fc00a2c39e90264f33305004495a9","hash":"f5a73f818fed4a155188fcdedc6e1c8ffe32c737"}
,"C:\\Users\\gabri\\Documents\\VS Code\\Driven\\Projetos\\projeto_16_APISingMeASong\\src\\middlewares\\formatLink.js": {"path":"C:\\Users\\gabri\\Documents\\VS Code\\Driven\\Projetos\\projeto_16_APISingMeASong\\src\\middlewares\\formatLink.js","statementMap":{"0":{"start":{"line":2,"column":18},"end":{"line":2,"column":90}},"1":{"start":{"line":3,"column":22},"end":{"line":3,"column":41}},"2":{"start":{"line":4,"column":2},"end":{"line":4,"column":95}},"3":{"start":{"line":5,"column":2},"end":{"line":5,"column":9}}},"fnMap":{"0":{"name":"formatLink","decl":{"start":{"line":1,"column":24},"end":{"line":1,"column":34}},"loc":{"start":{"line":1,"column":51},"end":{"line":6,"column":1}},"line":1}},"branchMap":{},"s":{"0":9,"1":9,"2":9,"3":9},"f":{"0":9},"b":{},"_coverageSchema":"1a1c01bbd47fc00a2c39e90264f33305004495a9","hash":"a4cd198f9869aa9d520ad5f6d44686356ef90b72"}
,"C:\\Users\\gabri\\Documents\\VS Code\\Driven\\Projetos\\projeto_16_APISingMeASong\\src\\repositories\\recommendationsRepository.js": {"path":"C:\\Users\\gabri\\Documents\\VS Code\\Driven\\Projetos\\projeto_16_APISingMeASong\\src\\repositories\\recommendationsRepository.js","statementMap":{"0":{"start":{"line":4,"column":2},"end":{"line":7,"column":4}},"1":{"start":{"line":11,"column":17},"end":{"line":14,"column":3}},"2":{"start":{"line":15,"column":2},"end":{"line":15,"column":21}},"3":{"start":{"line":19,"column":17},"end":{"line":22,"column":70}},"4":{"start":{"line":23,"column":2},"end":{"line":23,"column":24}},"5":{"start":{"line":27,"column":17},"end":{"line":27,"column":97}},"6":{"start":{"line":28,"column":2},"end":{"line":28,"column":21}}},"fnMap":{"0":{"name":"createRecommendation","decl":{"start":{"line":3,"column":22},"end":{"line":3,"column":42}},"loc":{"start":{"line":3,"column":66},"end":{"line":8,"column":1}},"line":3},"1":{"name":"getTopRecommendations","decl":{"start":{"line":10,"column":22},"end":{"line":10,"column":43}},"loc":{"start":{"line":10,"column":51},"end":{"line":16,"column":1}},"line":10},"2":{"name":"getMaxAndMinScores","decl":{"start":{"line":18,"column":22},"end":{"line":18,"column":40}},"loc":{"start":{"line":18,"column":43},"end":{"line":24,"column":1}},"line":18},"3":{"name":"getRandomRecommendations","decl":{"start":{"line":26,"column":22},"end":{"line":26,"column":46}},"loc":{"start":{"line":26,"column":55},"end":{"line":29,"column":1}},"line":26}},"branchMap":{},"s":{"0":2,"1":0,"2":0,"3":0,"4":0,"5":0,"6":0},"f":{"0":2,"1":0,"2":0,"3":0},"b":{},"_coverageSchema":"1a1c01bbd47fc00a2c39e90264f33305004495a9","hash":"7dc7836232b1f5dd7b88fed4185f6ef5404132aa"}
,"C:\\Users\\gabri\\Documents\\VS Code\\Driven\\Projetos\\projeto_16_APISingMeASong\\src\\repositories\\votesRepository.js": {"path":"C:\\Users\\gabri\\Documents\\VS Code\\Driven\\Projetos\\projeto_16_APISingMeASong\\src\\repositories\\votesRepository.js","statementMap":{"0":{"start":{"line":4,"column":17},"end":{"line":7,"column":3}},"1":{"start":{"line":8,"column":2},"end":{"line":8,"column":31}},"2":{"start":{"line":12,"column":2},"end":{"line":15,"column":4}},"3":{"start":{"line":19,"column":2},"end":{"line":22,"column":4}}},"fnMap":{"0":{"name":"getSongScore","decl":{"start":{"line":3,"column":22},"end":{"line":3,"column":34}},"loc":{"start":{"line":3,"column":39},"end":{"line":9,"column":1}},"line":3},"1":{"name":"vote","decl":{"start":{"line":11,"column":22},"end":{"line":11,"column":26}},"loc":{"start":{"line":11,"column":38},"end":{"line":16,"column":1}},"line":11},"2":{"name":"deleteSong","decl":{"start":{"line":18,"column":22},"end":{"line":18,"column":32}},"loc":{"start":{"line":18,"column":37},"end":{"line":23,"column":1}},"line":18}},"branchMap":{},"s":{"0":4,"1":4,"2":4,"3":1},"f":{"0":4,"1":4,"2":1},"b":{},"_coverageSchema":"1a1c01bbd47fc00a2c39e90264f33305004495a9","hash":"c70042ae62e68d0c89c5c661e3e1db08446deb54"}
,"C:\\Users\\gabri\\Documents\\VS Code\\Driven\\Projetos\\projeto_16_APISingMeASong\\src\\routers\\recommendationsRouter.js": {"path":"C:\\Users\\gabri\\Documents\\VS Code\\Driven\\Projetos\\projeto_16_APISingMeASong\\src\\routers\\recommendationsRouter.js","statementMap":{"0":{"start":{"line":5,"column":15},"end":{"line":5,"column":27}},"1":{"start":{"line":7,"column":0},"end":{"line":7,"column":92}},"2":{"start":{"line":8,"column":0},"end":{"line":8,"column":90}},"3":{"start":{"line":10,"column":0},"end":{"line":10,"column":23}},"4":{"start":{"line":11,"column":0},"end":{"line":11,"column":80}}},"fnMap":{},"branchMap":{},"s":{"0":2,"1":2,"2":2,"3":2,"4":2},"f":{},"b":{},"_coverageSchema":"1a1c01bbd47fc00a2c39e90264f33305004495a9","hash":"6b5c447145e7e3387b8501b17e61cf6be7e5d806"}
,"C:\\Users\\gabri\\Documents\\VS Code\\Driven\\Projetos\\projeto_16_APISingMeASong\\src\\routers\\votesRouter.js": {"path":"C:\\Users\\gabri\\Documents\\VS Code\\Driven\\Projetos\\projeto_16_APISingMeASong\\src\\routers\\votesRouter.js","statementMap":{"0":{"start":{"line":4,"column":15},"end":{"line":4,"column":27}},"1":{"start":{"line":6,"column":0},"end":{"line":6,"column":65}},"2":{"start":{"line":7,"column":0},"end":{"line":7,"column":67}}},"fnMap":{},"branchMap":{},"s":{"0":2,"1":2,"2":2},"f":{},"b":{},"_coverageSchema":"1a1c01bbd47fc00a2c39e90264f33305004495a9","hash":"e7d66554b50646cb5f4517cd25a259ce4d077b6a"}
,"C:\\Users\\gabri\\Documents\\VS Code\\Driven\\Projetos\\projeto_16_APISingMeASong\\src\\services\\recommendationsService.js": {"path":"C:\\Users\\gabri\\Documents\\VS Code\\Driven\\Projetos\\projeto_16_APISingMeASong\\src\\services\\recommendationsService.js","statementMap":{"0":{"start":{"line":5,"column":2},"end":{"line":5,"column":71}},"1":{"start":{"line":9,"column":26},"end":{"line":9,"column":87}},"2":{"start":{"line":10,"column":2},"end":{"line":10,"column":88}},"3":{"start":{"line":10,"column":31},"end":{"line":10,"column":88}},"4":{"start":{"line":11,"column":2},"end":{"line":11,"column":25}},"5":{"start":{"line":15,"column":17},"end":{"line":15,"column":69}},"6":{"start":{"line":16,"column":2},"end":{"line":16,"column":89}},"7":{"start":{"line":16,"column":32},"end":{"line":16,"column":89}},"8":{"start":{"line":18,"column":15},"end":{"line":18,"column":17}},"9":{"start":{"line":19,"column":23},"end":{"line":19,"column":36}},"10":{"start":{"line":20,"column":2},"end":{"line":20,"column":79}},"11":{"start":{"line":20,"column":50},"end":{"line":20,"column":79}},"12":{"start":{"line":21,"column":2},"end":{"line":21,"column":82}},"13":{"start":{"line":21,"column":52},"end":{"line":21,"column":82}},"14":{"start":{"line":23,"column":26},"end":{"line":23,"column":90}},"15":{"start":{"line":24,"column":2},"end":{"line":24,"column":88}},"16":{"start":{"line":24,"column":31},"end":{"line":24,"column":88}},"17":{"start":{"line":25,"column":2},"end":{"line":25,"column":25}}},"fnMap":{"0":{"name":"createRecommendation","decl":{"start":{"line":4,"column":22},"end":{"line":4,"column":42}},"loc":{"start":{"line":4,"column":59},"end":{"line":6,"column":1}},"line":4},"1":{"name":"getTopRecommendations","decl":{"start":{"line":8,"column":22},"end":{"line":8,"column":43}},"loc":{"start":{"line":8,"column":52},"end":{"line":12,"column":1}},"line":8},"2":{"name":"getRandomRecommendations","decl":{"start":{"line":14,"column":22},"end":{"line":14,"column":46}},"loc":{"start":{"line":14,"column":49},"end":{"line":26,"column":1}},"line":14}},"branchMap":{"0":{"loc":{"start":{"line":10,"column":2},"end":{"line":10,"column":88}},"type":"if","locations":[{"start":{"line":10,"column":2},"end":{"line":10,"column":88}},{"start":{},"end":{}}],"line":10},"1":{"loc":{"start":{"line":16,"column":2},"end":{"line":16,"column":89}},"type":"if","locations":[{"start":{"line":16,"column":2},"end":{"line":16,"column":89}},{"start":{},"end":{}}],"line":16},"2":{"loc":{"start":{"line":20,"column":2},"end":{"line":20,"column":79}},"type":"if","locations":[{"start":{"line":20,"column":2},"end":{"line":20,"column":79}},{"start":{},"end":{}}],"line":20},"3":{"loc":{"start":{"line":20,"column":6},"end":{"line":20,"column":48}},"type":"binary-expr","locations":[{"start":{"line":20,"column":6},"end":{"line":20,"column":24}},{"start":{"line":20,"column":28},"end":{"line":20,"column":48}}],"line":20},"4":{"loc":{"start":{"line":21,"column":2},"end":{"line":21,"column":82}},"type":"if","locations":[{"start":{"line":21,"column":2},"end":{"line":21,"column":82}},{"start":{},"end":{}}],"line":21},"5":{"loc":{"start":{"line":21,"column":6},"end":{"line":21,"column":50}},"type":"binary-expr","locations":[{"start":{"line":21,"column":6},"end":{"line":21,"column":25}},{"start":{"line":21,"column":29},"end":{"line":21,"column":50}}],"line":21},"6":{"loc":{"start":{"line":24,"column":2},"end":{"line":24,"column":88}},"type":"if","locations":[{"start":{"line":24,"column":2},"end":{"line":24,"column":88}},{"start":{},"end":{}}],"line":24}},"s":{"0":2,"1":2,"2":2,"3":1,"4":1,"5":8,"6":8,"7":1,"8":7,"9":7,"10":7,"11":1,"12":7,"13":1,"14":7,"15":7,"16":1,"17":6},"f":{"0":2,"1":2,"2":8},"b":{"0":[1,1],"1":[1,7],"2":[1,6],"3":[7,4],"4":[1,6],"5":[7,3],"6":[1,6]},"_coverageSchema":"1a1c01bbd47fc00a2c39e90264f33305004495a9","hash":"76de669393c5aeea83837b21113889002b004926"}
,"C:\\Users\\gabri\\Documents\\VS Code\\Driven\\Projetos\\projeto_16_APISingMeASong\\src\\services\\votesService.js": {"path":"C:\\Users\\gabri\\Documents\\VS Code\\Driven\\Projetos\\projeto_16_APISingMeASong\\src\\services\\votesService.js","statementMap":{"0":{"start":{"line":5,"column":14},"end":{"line":5,"column":52}},"1":{"start":{"line":6,"column":2},"end":{"line":6,"column":78}},"2":{"start":{"line":6,"column":27},"end":{"line":6,"column":78}},"3":{"start":{"line":7,"column":2},"end":{"line":10,"column":3}},"4":{"start":{"line":8,"column":4},"end":{"line":8,"column":41}},"5":{"start":{"line":9,"column":4},"end":{"line":9,"column":59}},"6":{"start":{"line":12,"column":2},"end":{"line":12,"column":39}},"7":{"start":{"line":13,"column":2},"end":{"line":13,"column":40}},"8":{"start":{"line":14,"column":2},"end":{"line":14,"column":40}}},"fnMap":{"0":{"name":"vote","decl":{"start":{"line":4,"column":22},"end":{"line":4,"column":26}},"loc":{"start":{"line":4,"column":41},"end":{"line":15,"column":1}},"line":4}},"branchMap":{"0":{"loc":{"start":{"line":6,"column":2},"end":{"line":6,"column":78}},"type":"if","locations":[{"start":{"line":6,"column":2},"end":{"line":6,"column":78}},{"start":{},"end":{}}],"line":6},"1":{"loc":{"start":{"line":7,"column":2},"end":{"line":10,"column":3}},"type":"if","locations":[{"start":{"line":7,"column":2},"end":{"line":10,"column":3}},{"start":{},"end":{}}],"line":7},"2":{"loc":{"start":{"line":7,"column":6},"end":{"line":7,"column":30}},"type":"binary-expr","locations":[{"start":{"line":7,"column":6},"end":{"line":7,"column":15}},{"start":{"line":7,"column":19},"end":{"line":7,"column":30}}],"line":7},"3":{"loc":{"start":{"line":12,"column":10},"end":{"line":12,"column":38}},"type":"cond-expr","locations":[{"start":{"line":12,"column":21},"end":{"line":12,"column":28}},{"start":{"line":12,"column":31},"end":{"line":12,"column":38}}],"line":12}},"s":{"0":8,"1":8,"2":3,"3":5,"4":1,"5":1,"6":4,"7":4,"8":4},"f":{"0":8},"b":{"0":[3,5],"1":[1,4],"2":[5,3],"3":[2,2]},"_coverageSchema":"1a1c01bbd47fc00a2c39e90264f33305004495a9","hash":"49a186a3204e0ae8f18ad1f03e3c118e23f8027a"}
,"C:\\Users\\gabri\\Documents\\VS Code\\Driven\\Projetos\\projeto_16_APISingMeASong\\src\\validations\\schemas.js": {"path":"C:\\Users\\gabri\\Documents\\VS Code\\Driven\\Projetos\\projeto_16_APISingMeASong\\src\\validations\\schemas.js","statementMap":{"0":{"start":{"line":3,"column":36},"end":{"line":13,"column":2}},"1":{"start":{"line":15,"column":28},"end":{"line":21,"column":2}}},"fnMap":{},"branchMap":{},"s":{"0":2,"1":2},"f":{},"b":{},"_coverageSchema":"1a1c01bbd47fc00a2c39e90264f33305004495a9","hash":"2702cd6e2862e2fea0cbc929925fe7dd5334355a"}
,"C:\\Users\\gabri\\Documents\\VS Code\\Driven\\Projetos\\projeto_16_APISingMeASong\\src\\validations\\validations.js": {"path":"C:\\Users\\gabri\\Documents\\VS Code\\Driven\\Projetos\\projeto_16_APISingMeASong\\src\\validations\\validations.js","statementMap":{"0":{"start":{"line":5,"column":24},"end":{"line":5,"column":77}},"1":{"start":{"line":6,"column":2},"end":{"line":6,"column":93}},"2":{"start":{"line":6,"column":27},"end":{"line":6,"column":93}},"3":{"start":{"line":10,"column":24},"end":{"line":10,"column":61}},"4":{"start":{"line":11,"column":2},"end":{"line":11,"column":93}},"5":{"start":{"line":11,"column":27},"end":{"line":11,"column":93}}},"fnMap":{"0":{"name":"validateRecommendation","decl":{"start":{"line":4,"column":22},"end":{"line":4,"column":44}},"loc":{"start":{"line":4,"column":61},"end":{"line":7,"column":1}},"line":4},"1":{"name":"validateAmount","decl":{"start":{"line":9,"column":22},"end":{"line":9,"column":36}},"loc":{"start":{"line":9,"column":45},"end":{"line":12,"column":1}},"line":9}},"branchMap":{"0":{"loc":{"start":{"line":6,"column":2},"end":{"line":6,"column":93}},"type":"if","locations":[{"start":{"line":6,"column":2},"end":{"line":6,"column":93}},{"start":{},"end":{}}],"line":6},"1":{"loc":{"start":{"line":11,"column":2},"end":{"line":11,"column":93}},"type":"if","locations":[{"start":{"line":11,"column":2},"end":{"line":11,"column":93}},{"start":{},"end":{}}],"line":11}},"s":{"0":5,"1":5,"2":3,"3":0,"4":0,"5":0},"f":{"0":5,"1":0},"b":{"0":[3,2],"1":[0,0]},"_coverageSchema":"1a1c01bbd47fc00a2c39e90264f33305004495a9","hash":"1147e694d003ab5c9e90a0c967d7060dfcae12df"}
,"C:\\Users\\gabri\\Documents\\VS Code\\Driven\\Projetos\\projeto_16_APISingMeASong\\tests\\integration\\factories\\recommendationFactory.js": {"path":"C:\\Users\\gabri\\Documents\\VS Code\\Driven\\Projetos\\projeto_16_APISingMeASong\\tests\\integration\\factories\\recommendationFactory.js","statementMap":{"0":{"start":{"line":4,"column":2},"end":{"line":7,"column":3}}},"fnMap":{"0":{"name":"recommendationFactory","decl":{"start":{"line":3,"column":24},"end":{"line":3,"column":45}},"loc":{"start":{"line":3,"column":48},"end":{"line":8,"column":1}},"line":3}},"branchMap":{},"s":{"0":2},"f":{"0":2},"b":{},"_coverageSchema":"1a1c01bbd47fc00a2c39e90264f33305004495a9","hash":"b27899099fcb729009df580f0d27e1b7888f3f18"}
}
