{"C:\\Users\\gabri\\Documents\\VS Code\\Driven\\Projetos\\projeto_16_APISingMeASong\\src\\app.js": {"path":"C:\\Users\\gabri\\Documents\\VS Code\\Driven\\Projetos\\projeto_16_APISingMeASong\\src\\app.js","statementMap":{"0":{"start":{"line":9,"column":12},"end":{"line":9,"column":21}},"1":{"start":{"line":10,"column":0},"end":{"line":10,"column":24}},"2":{"start":{"line":11,"column":0},"end":{"line":11,"column":16}},"3":{"start":{"line":13,"column":0},"end":{"line":13,"column":54}},"4":{"start":{"line":13,"column":33},"end":{"line":13,"column":52}},"5":{"start":{"line":14,"column":0},"end":{"line":14,"column":89}},"6":{"start":{"line":15,"column":0},"end":{"line":15,"column":62}},"7":{"start":{"line":16,"column":0},"end":{"line":16,"column":64}},"8":{"start":{"line":18,"column":0},"end":{"line":18,"column":22}}},"fnMap":{"0":{"name":"(anonymous_0)","decl":{"start":{"line":13,"column":19},"end":{"line":13,"column":20}},"loc":{"start":{"line":13,"column":33},"end":{"line":13,"column":52}},"line":13}},"branchMap":{},"s":{"0":2,"1":2,"2":2,"3":2,"4":0,"5":2,"6":2,"7":2,"8":2},"f":{"0":0},"b":{},"_coverageSchema":"1a1c01bbd47fc00a2c39e90264f33305004495a9","hash":"571234155b8f0d4027804ee2796da4f794df8498"}
,"C:\\Users\\gabri\\Documents\\VS Code\\Driven\\Projetos\\projeto_16_APISingMeASong\\src\\database.js": {"path":"C:\\Users\\gabri\\Documents\\VS Code\\Driven\\Projetos\\projeto_16_APISingMeASong\\src\\database.js","statementMap":{},"fnMap":{},"branchMap":{"0":{"loc":{"start":{"line":6,"column":7},"end":{"line":6,"column":84}},"type":"cond-expr","locations":[{"start":{"line":6,"column":47},"end":{"line":6,"column":76}},{"start":{"line":6,"column":79},"end":{"line":6,"column":84}}],"line":6}},"s":{},"f":{},"b":{"0":[0,3]},"_coverageSchema":"1a1c01bbd47fc00a2c39e90264f33305004495a9","hash":"18c0865b74c75929ce9a42891e62d521f2163301"}
,"C:\\Users\\gabri\\Documents\\VS Code\\Driven\\Projetos\\projeto_16_APISingMeASong\\src\\setup.js": {"path":"C:\\Users\\gabri\\Documents\\VS Code\\Driven\\Projetos\\projeto_16_APISingMeASong\\src\\setup.js","statementMap":{"0":{"start":{"line":3,"column":11},"end":{"line":3,"column":22}},"1":{"start":{"line":4,"column":0},"end":{"line":4,"column":57}},"2":{"start":{"line":4,"column":43},"end":{"line":4,"column":57}},"3":{"start":{"line":5,"column":0},"end":{"line":5,"column":54}},"4":{"start":{"line":5,"column":36},"end":{"line":5,"column":54}},"5":{"start":{"line":7,"column":0},"end":{"line":7,"column":24}}},"fnMap":{},"branchMap":{"0":{"loc":{"start":{"line":4,"column":0},"end":{"line":4,"column":57}},"type":"if","locations":[{"start":{"line":4,"column":0},"end":{"line":4,"column":57}},{"start":{},"end":{}}],"line":4},"1":{"loc":{"start":{"line":5,"column":0},"end":{"line":5,"column":54}},"type":"if","locations":[{"start":{"line":5,"column":0},"end":{"line":5,"column":54}},{"start":{},"end":{}}],"line":5}},"s":{"0":3,"1":3,"2":0,"3":3,"4":0,"5":3},"f":{},"b":{"0":[0,3],"1":[0,3]},"_coverageSchema":"1a1c01bbd47fc00a2c39e90264f33305004495a9","hash":"8ec8ed349976db7528f27ee27be0b67d81bd2b2d"}
,"C:\\Users\\gabri\\Documents\\VS Code\\Driven\\Projetos\\projeto_16_APISingMeASong\\src\\controllers\\recommendationsController.js": {"path":"C:\\Users\\gabri\\Documents\\VS Code\\Driven\\Projetos\\projeto_16_APISingMeASong\\src\\controllers\\recommendationsController.js","statementMap":{"0":{"start":{"line":6,"column":2},"end":{"line":15,"column":3}},"1":{"start":{"line":7,"column":4},"end":{"line":7,"column":43}},"2":{"start":{"line":8,"column":4},"end":{"line":8,"column":63}},"3":{"start":{"line":10,"column":4},"end":{"line":10,"column":24}},"4":{"start":{"line":12,"column":4},"end":{"line":12,"column":81}},"5":{"start":{"line":12,"column":40},"end":{"line":12,"column":81}},"6":{"start":{"line":13,"column":4},"end":{"line":13,"column":57}},"7":{"start":{"line":13,"column":30},"end":{"line":13,"column":57}},"8":{"start":{"line":14,"column":4},"end":{"line":14,"column":14}}},"fnMap":{"0":{"name":"createRecommendation","decl":{"start":{"line":5,"column":22},"end":{"line":5,"column":42}},"loc":{"start":{"line":5,"column":59},"end":{"line":16,"column":1}},"line":5}},"branchMap":{"0":{"loc":{"start":{"line":12,"column":4},"end":{"line":12,"column":81}},"type":"if","locations":[{"start":{"line":12,"column":4},"end":{"line":12,"column":81}},{"start":{},"end":{}}],"line":12},"1":{"loc":{"start":{"line":13,"column":4},"end":{"line":13,"column":57}},"type":"if","locations":[{"start":{"line":13,"column":4},"end":{"line":13,"column":57}},{"start":{},"end":{}}],"line":13}},"s":{"0":5,"1":5,"2":2,"3":1,"4":4,"5":3,"6":1,"7":1,"8":0},"f":{"0":5},"b":{"0":[3,1],"1":[1,0]},"_coverageSchema":"1a1c01bbd47fc00a2c39e90264f33305004495a9","hash":"41206661a70c1688d7ee6403b395453a43fdc716"}
,"C:\\Users\\gabri\\Documents\\VS Code\\Driven\\Projetos\\projeto_16_APISingMeASong\\src\\controllers\\votesController.js": {"path":"C:\\Users\\gabri\\Documents\\VS Code\\Driven\\Projetos\\projeto_16_APISingMeASong\\src\\controllers\\votesController.js","statementMap":{"0":{"start":{"line":5,"column":2},"end":{"line":13,"column":3}},"1":{"start":{"line":6,"column":21},"end":{"line":6,"column":55}},"2":{"start":{"line":7,"column":4},"end":{"line":7,"column":53}},"3":{"start":{"line":9,"column":4},"end":{"line":9,"column":24}},"4":{"start":{"line":11,"column":4},"end":{"line":11,"column":78}},"5":{"start":{"line":11,"column":37},"end":{"line":11,"column":78}},"6":{"start":{"line":12,"column":4},"end":{"line":12,"column":14}}},"fnMap":{"0":{"name":"vote","decl":{"start":{"line":4,"column":22},"end":{"line":4,"column":26}},"loc":{"start":{"line":4,"column":43},"end":{"line":14,"column":1}},"line":4}},"branchMap":{"0":{"loc":{"start":{"line":11,"column":4},"end":{"line":11,"column":78}},"type":"if","locations":[{"start":{"line":11,"column":4},"end":{"line":11,"column":78}},{"start":{},"end":{}}],"line":11}},"s":{"0":4,"1":4,"2":4,"3":2,"4":2,"5":2,"6":0},"f":{"0":4},"b":{"0":[2,0]},"_coverageSchema":"1a1c01bbd47fc00a2c39e90264f33305004495a9","hash":"3a8dd1bff64339e484b61ce91ad7f8f2fd5687f6"}
,"C:\\Users\\gabri\\Documents\\VS Code\\Driven\\Projetos\\projeto_16_APISingMeASong\\src\\errors\\SongNotFound.js": {"path":"C:\\Users\\gabri\\Documents\\VS Code\\Driven\\Projetos\\projeto_16_APISingMeASong\\src\\errors\\SongNotFound.js","statementMap":{"0":{"start":{"line":3,"column":6},"end":{"line":3,"column":21}},"1":{"start":{"line":4,"column":6},"end":{"line":4,"column":33}}},"fnMap":{"0":{"name":"(anonymous_0)","decl":{"start":{"line":2,"column":2},"end":{"line":2,"column":3}},"loc":{"start":{"line":2,"column":23},"end":{"line":5,"column":5}},"line":2}},"branchMap":{},"s":{"0":2,"1":2},"f":{"0":2},"b":{},"_coverageSchema":"1a1c01bbd47fc00a2c39e90264f33305004495a9","hash":"72ffffb73a6f5ce3b890f110289b1fd8f18f2fa2"}
,"C:\\Users\\gabri\\Documents\\VS Code\\Driven\\Projetos\\projeto_16_APISingMeASong\\src\\errors\\ValidationError.js": {"path":"C:\\Users\\gabri\\Documents\\VS Code\\Driven\\Projetos\\projeto_16_APISingMeASong\\src\\errors\\ValidationError.js","statementMap":{"0":{"start":{"line":3,"column":6},"end":{"line":3,"column":21}},"1":{"start":{"line":4,"column":6},"end":{"line":4,"column":36}}},"fnMap":{"0":{"name":"(anonymous_0)","decl":{"start":{"line":2,"column":2},"end":{"line":2,"column":3}},"loc":{"start":{"line":2,"column":23},"end":{"line":5,"column":5}},"line":2}},"branchMap":{},"s":{"0":3,"1":3},"f":{"0":3},"b":{},"_coverageSchema":"1a1c01bbd47fc00a2c39e90264f33305004495a9","hash":"020713183e746571c73a8bbe329b5ef0c2ffc75b"}
,"C:\\Users\\gabri\\Documents\\VS Code\\Driven\\Projetos\\projeto_16_APISingMeASong\\src\\middlewares\\errorHandler.js": {"path":"C:\\Users\\gabri\\Documents\\VS Code\\Driven\\Projetos\\projeto_16_APISingMeASong\\src\\middlewares\\errorHandler.js","statementMap":{"0":{"start":{"line":2,"column":2},"end":{"line":2,"column":21}},"1":{"start":{"line":3,"column":2},"end":{"line":3,"column":22}}},"fnMap":{"0":{"name":"errorHandler","decl":{"start":{"line":1,"column":30},"end":{"line":1,"column":42}},"loc":{"start":{"line":1,"column":64},"end":{"line":4,"column":1}},"line":1}},"branchMap":{},"s":{"0":0,"1":0},"f":{"0":0},"b":{},"_coverageSchema":"1a1c01bbd47fc00a2c39e90264f33305004495a9","hash":"f5a73f818fed4a155188fcdedc6e1c8ffe32c737"}
,"C:\\Users\\gabri\\Documents\\VS Code\\Driven\\Projetos\\projeto_16_APISingMeASong\\src\\middlewares\\formatLink.js": {"path":"C:\\Users\\gabri\\Documents\\VS Code\\Driven\\Projetos\\projeto_16_APISingMeASong\\src\\middlewares\\formatLink.js","statementMap":{"0":{"start":{"line":2,"column":18},"end":{"line":2,"column":90}},"1":{"start":{"line":3,"column":22},"end":{"line":3,"column":41}},"2":{"start":{"line":5,"column":2},"end":{"line":5,"column":94}},"3":{"start":{"line":7,"column":2},"end":{"line":7,"column":9}}},"fnMap":{"0":{"name":"formatLink","decl":{"start":{"line":1,"column":24},"end":{"line":1,"column":34}},"loc":{"start":{"line":1,"column":51},"end":{"line":8,"column":1}},"line":1}},"branchMap":{},"s":{"0":5,"1":5,"2":5,"3":5},"f":{"0":5},"b":{},"_coverageSchema":"1a1c01bbd47fc00a2c39e90264f33305004495a9","hash":"d654415d0e7b6072c860bd8d92a01038994493bb"}
,"C:\\Users\\gabri\\Documents\\VS Code\\Driven\\Projetos\\projeto_16_APISingMeASong\\src\\repositories\\reccomendationRepository.js": {"path":"C:\\Users\\gabri\\Documents\\VS Code\\Driven\\Projetos\\projeto_16_APISingMeASong\\src\\repositories\\reccomendationRepository.js","statementMap":{"0":{"start":{"line":4,"column":2},"end":{"line":7,"column":4}}},"fnMap":{"0":{"name":"createRecommendation","decl":{"start":{"line":3,"column":22},"end":{"line":3,"column":42}},"loc":{"start":{"line":3,"column":66},"end":{"line":8,"column":1}},"line":3}},"branchMap":{},"s":{"0":2},"f":{"0":2},"b":{},"_coverageSchema":"1a1c01bbd47fc00a2c39e90264f33305004495a9","hash":"70a058190b8e85500438182673168d3f0b33a829"}
,"C:\\Users\\gabri\\Documents\\VS Code\\Driven\\Projetos\\projeto_16_APISingMeASong\\src\\repositories\\votesRepository.js": {"path":"C:\\Users\\gabri\\Documents\\VS Code\\Driven\\Projetos\\projeto_16_APISingMeASong\\src\\repositories\\votesRepository.js","statementMap":{"0":{"start":{"line":4,"column":17},"end":{"line":16,"column":3}},"1":{"start":{"line":17,"column":2},"end":{"line":17,"column":21}},"2":{"start":{"line":21,"column":2},"end":{"line":24,"column":4}},"3":{"start":{"line":28,"column":2},"end":{"line":31,"column":3}},"4":{"start":{"line":32,"column":2},"end":{"line":35,"column":4}}},"fnMap":{"0":{"name":"getSongScore","decl":{"start":{"line":3,"column":22},"end":{"line":3,"column":34}},"loc":{"start":{"line":3,"column":39},"end":{"line":18,"column":1}},"line":3},"1":{"name":"vote","decl":{"start":{"line":20,"column":22},"end":{"line":20,"column":26}},"loc":{"start":{"line":20,"column":48},"end":{"line":25,"column":1}},"line":20},"2":{"name":"deleteSong","decl":{"start":{"line":27,"column":22},"end":{"line":27,"column":32}},"loc":{"start":{"line":27,"column":37},"end":{"line":36,"column":1}},"line":27}},"branchMap":{"0":{"loc":{"start":{"line":20,"column":31},"end":{"line":20,"column":46}},"type":"default-arg","locations":[{"start":{"line":20,"column":42},"end":{"line":20,"column":46}}],"line":20}},"s":{"0":4,"1":4,"2":2,"3":0,"4":0},"f":{"0":4,"1":2,"2":0},"b":{"0":[0]},"_coverageSchema":"1a1c01bbd47fc00a2c39e90264f33305004495a9","hash":"2aa6e058c20bee6b2672954da3f45b34c20bec71"}
,"C:\\Users\\gabri\\Documents\\VS Code\\Driven\\Projetos\\projeto_16_APISingMeASong\\src\\services\\recommendationService.js": {"path":"C:\\Users\\gabri\\Documents\\VS Code\\Driven\\Projetos\\projeto_16_APISingMeASong\\src\\services\\recommendationService.js","statementMap":{"0":{"start":{"line":4,"column":2},"end":{"line":4,"column":70}}},"fnMap":{"0":{"name":"createRecommendation","decl":{"start":{"line":3,"column":22},"end":{"line":3,"column":42}},"loc":{"start":{"line":3,"column":59},"end":{"line":5,"column":1}},"line":3}},"branchMap":{},"s":{"0":2},"f":{"0":2},"b":{},"_coverageSchema":"1a1c01bbd47fc00a2c39e90264f33305004495a9","hash":"a95e08519f96c74f8d24c99a35e5b9af676fe762"}
,"C:\\Users\\gabri\\Documents\\VS Code\\Driven\\Projetos\\projeto_16_APISingMeASong\\src\\services\\votesService.js": {"path":"C:\\Users\\gabri\\Documents\\VS Code\\Driven\\Projetos\\projeto_16_APISingMeASong\\src\\services\\votesService.js","statementMap":{"0":{"start":{"line":5,"column":15},"end":{"line":5,"column":53}},"1":{"start":{"line":6,"column":2},"end":{"line":6,"column":71}},"2":{"start":{"line":6,"column":20},"end":{"line":6,"column":71}},"3":{"start":{"line":8,"column":2},"end":{"line":8,"column":43}},"4":{"start":{"line":10,"column":16},"end":{"line":10,"column":33}},"5":{"start":{"line":11,"column":2},"end":{"line":11,"column":68}},"6":{"start":{"line":11,"column":31},"end":{"line":11,"column":68}}},"fnMap":{"0":{"name":"vote","decl":{"start":{"line":4,"column":22},"end":{"line":4,"column":26}},"loc":{"start":{"line":4,"column":41},"end":{"line":12,"column":1}},"line":4}},"branchMap":{"0":{"loc":{"start":{"line":6,"column":2},"end":{"line":6,"column":71}},"type":"if","locations":[{"start":{"line":6,"column":2},"end":{"line":6,"column":71}},{"start":{},"end":{}}],"line":6},"1":{"loc":{"start":{"line":11,"column":2},"end":{"line":11,"column":68}},"type":"if","locations":[{"start":{"line":11,"column":2},"end":{"line":11,"column":68}},{"start":{},"end":{}}],"line":11},"2":{"loc":{"start":{"line":11,"column":6},"end":{"line":11,"column":29}},"type":"binary-expr","locations":[{"start":{"line":11,"column":6},"end":{"line":11,"column":15}},{"start":{"line":11,"column":19},"end":{"line":11,"column":29}}],"line":11}},"s":{"0":5,"1":5,"2":3,"3":2,"4":2,"5":2,"6":0},"f":{"0":5},"b":{"0":[3,2],"1":[0,2],"2":[2,1]},"_coverageSchema":"1a1c01bbd47fc00a2c39e90264f33305004495a9","hash":"e86962955e59565d5328679c9d89ca7519447a25"}
,"C:\\Users\\gabri\\Documents\\VS Code\\Driven\\Projetos\\projeto_16_APISingMeASong\\src\\validations\\schemas.js": {"path":"C:\\Users\\gabri\\Documents\\VS Code\\Driven\\Projetos\\projeto_16_APISingMeASong\\src\\validations\\schemas.js","statementMap":{"0":{"start":{"line":3,"column":36},"end":{"line":13,"column":2}}},"fnMap":{},"branchMap":{},"s":{"0":2},"f":{},"b":{},"_coverageSchema":"1a1c01bbd47fc00a2c39e90264f33305004495a9","hash":"cfbdb324ba4cc3fd012e159ae79eec1733cce1fa"}
,"C:\\Users\\gabri\\Documents\\VS Code\\Driven\\Projetos\\projeto_16_APISingMeASong\\src\\validations\\validations.js": {"path":"C:\\Users\\gabri\\Documents\\VS Code\\Driven\\Projetos\\projeto_16_APISingMeASong\\src\\validations\\validations.js","statementMap":{"0":{"start":{"line":5,"column":24},"end":{"line":5,"column":77}},"1":{"start":{"line":6,"column":2},"end":{"line":6,"column":93}},"2":{"start":{"line":6,"column":27},"end":{"line":6,"column":93}}},"fnMap":{"0":{"name":"validateRecommendation","decl":{"start":{"line":4,"column":30},"end":{"line":4,"column":52}},"loc":{"start":{"line":4,"column":69},"end":{"line":7,"column":1}},"line":4}},"branchMap":{"0":{"loc":{"start":{"line":6,"column":2},"end":{"line":6,"column":93}},"type":"if","locations":[{"start":{"line":6,"column":2},"end":{"line":6,"column":93}},{"start":{},"end":{}}],"line":6}},"s":{"0":5,"1":5,"2":3},"f":{"0":5},"b":{"0":[3,2]},"_coverageSchema":"1a1c01bbd47fc00a2c39e90264f33305004495a9","hash":"6a3147d9d4f2140a31d5b5de3cc5bb76b06e9900"}
,"C:\\Users\\gabri\\Documents\\VS Code\\Driven\\Projetos\\projeto_16_APISingMeASong\\tests\\integration\\factories\\recommendationFactory.js": {"path":"C:\\Users\\gabri\\Documents\\VS Code\\Driven\\Projetos\\projeto_16_APISingMeASong\\tests\\integration\\factories\\recommendationFactory.js","statementMap":{"0":{"start":{"line":4,"column":2},"end":{"line":7,"column":3}}},"fnMap":{"0":{"name":"recommendationFactory","decl":{"start":{"line":3,"column":24},"end":{"line":3,"column":45}},"loc":{"start":{"line":3,"column":48},"end":{"line":8,"column":1}},"line":3}},"branchMap":{},"s":{"0":2},"f":{"0":2},"b":{},"_coverageSchema":"1a1c01bbd47fc00a2c39e90264f33305004495a9","hash":"b27899099fcb729009df580f0d27e1b7888f3f18"}
}
