TN:
SF:src\app.js
FN:13,(anonymous_0)
FNF:1
FNH:0
FNDA:0,(anonymous_0)
DA:9,2
DA:10,2
DA:11,2
DA:13,2
DA:14,2
DA:15,2
DA:16,2
DA:18,2
LF:8
LH:8
BRF:0
BRH:0
end_of_record
TN:
SF:src\database.js
FNF:0
FNH:0
LF:0
LH:0
BRDA:6,0,0,0
BRDA:6,0,1,3
BRF:2
BRH:1
end_of_record
TN:
SF:src\setup.js
FNF:0
FNH:0
DA:3,3
DA:4,3
DA:5,3
DA:7,3
LF:4
LH:4
BRDA:4,0,0,0
BRDA:4,0,1,3
BRDA:5,1,0,0
BRDA:5,1,1,3
BRF:4
BRH:2
end_of_record
TN:
SF:src\controllers\recommendationsController.js
FN:5,createRecommendation
FNF:1
FNH:1
FNDA:5,createRecommendation
DA:6,5
DA:7,5
DA:8,2
DA:10,1
DA:12,4
DA:13,1
DA:14,0
LF:7
LH:6
BRDA:12,0,0,3
BRDA:12,0,1,1
BRDA:13,1,0,1
BRDA:13,1,1,0
BRF:4
BRH:3
end_of_record
TN:
SF:src\controllers\votesController.js
FN:4,vote
FNF:1
FNH:1
FNDA:4,vote
DA:5,4
DA:6,4
DA:7,4
DA:9,2
DA:11,2
DA:12,0
LF:6
LH:5
BRDA:11,0,0,2
BRDA:11,0,1,0
BRF:2
BRH:1
end_of_record
TN:
SF:src\errors\SongNotFound.js
FN:2,(anonymous_0)
FNF:1
FNH:1
FNDA:2,(anonymous_0)
DA:3,2
DA:4,2
LF:2
LH:2
BRF:0
BRH:0
end_of_record
TN:
SF:src\errors\ValidationError.js
FN:2,(anonymous_0)
FNF:1
FNH:1
FNDA:3,(anonymous_0)
DA:3,3
DA:4,3
LF:2
LH:2
BRF:0
BRH:0
end_of_record
TN:
SF:src\middlewares\errorHandler.js
FN:1,errorHandler
FNF:1
FNH:0
FNDA:0,errorHandler
DA:2,0
DA:3,0
LF:2
LH:0
BRF:0
BRH:0
end_of_record
TN:
SF:src\middlewares\formatLink.js
FN:1,formatLink
FNF:1
FNH:1
FNDA:5,formatLink
DA:2,5
DA:3,5
DA:5,5
DA:7,5
LF:4
LH:4
BRF:0
BRH:0
end_of_record
TN:
SF:src\repositories\reccomendationRepository.js
FN:3,createRecommendation
FNF:1
FNH:1
FNDA:2,createRecommendation
DA:4,2
LF:1
LH:1
BRF:0
BRH:0
end_of_record
TN:
SF:src\repositories\votesRepository.js
FN:3,getSongScore
FN:20,vote
FN:27,deleteSong
FNF:3
FNH:2
FNDA:4,getSongScore
FNDA:2,vote
FNDA:0,deleteSong
DA:4,4
DA:17,4
DA:21,2
DA:28,0
DA:32,0
LF:5
LH:3
BRDA:20,0,0,0
BRF:1
BRH:0
end_of_record
TN:
SF:src\services\recommendationService.js
FN:3,createRecommendation
FNF:1
FNH:1
FNDA:2,createRecommendation
DA:4,2
LF:1
LH:1
BRF:0
BRH:0
end_of_record
TN:
SF:src\services\votesService.js
FN:4,vote
FNF:1
FNH:1
FNDA:5,vote
DA:5,5
DA:6,5
DA:8,2
DA:10,2
DA:11,2
LF:5
LH:5
BRDA:6,0,0,3
BRDA:6,0,1,2
BRDA:11,1,0,0
BRDA:11,1,1,2
BRDA:11,2,0,2
BRDA:11,2,1,1
BRF:6
BRH:5
end_of_record
TN:
SF:src\validations\schemas.js
FNF:0
FNH:0
DA:3,2
LF:1
LH:1
BRF:0
BRH:0
end_of_record
TN:
SF:src\validations\validations.js
FN:4,validateRecommendation
FNF:1
FNH:1
FNDA:5,validateRecommendation
DA:5,5
DA:6,5
LF:2
LH:2
BRDA:6,0,0,3
BRDA:6,0,1,2
BRF:2
BRH:2
end_of_record
TN:
SF:tests\integration\factories\recommendationFactory.js
FN:3,recommendationFactory
FNF:1
FNH:1
FNDA:2,recommendationFactory
DA:4,2
LF:1
LH:1
BRF:0
BRH:0
end_of_record
