TN:
SF:src\app.js
FN:11,(anonymous_0)
FNF:1
FNH:1
FNDA:1,(anonymous_0)
DA:7,3
DA:8,3
DA:9,3
DA:11,3
DA:12,3
DA:13,3
DA:14,3
LF:7
LH:7
BRF:0
BRH:0
end_of_record
TN:
SF:src\database.js
FNF:0
FNH:0
LF:0
LH:0
BRDA:6,0,0,0
BRDA:6,0,1,5
BRF:2
BRH:1
end_of_record
TN:
SF:src\setup.js
FNF:0
FNH:0
DA:3,5
DA:4,5
DA:5,5
DA:7,5
LF:4
LH:4
BRDA:4,0,0,0
BRDA:4,0,1,5
BRDA:5,1,0,0
BRDA:5,1,1,5
BRF:4
BRH:2
end_of_record
TN:
SF:src\controllers\recommendationsController.js
FN:6,createRecommendation
FN:18,getTopRecommendations
FN:30,getRandomRecommendations
FNF:3
FNH:3
FNDA:5,createRecommendation
FNDA:3,getTopRecommendations
FNDA:2,getRandomRecommendations
DA:7,5
DA:8,5
DA:9,2
DA:10,1
DA:12,4
DA:13,1
DA:14,0
DA:19,3
DA:20,3
DA:21,2
DA:22,1
DA:24,2
DA:25,1
DA:26,0
DA:31,2
DA:32,2
DA:33,1
DA:35,1
DA:36,0
LF:19
LH:16
BRDA:12,0,0,3
BRDA:12,0,1,1
BRDA:13,1,0,1
BRDA:13,1,1,0
BRDA:24,2,0,1
BRDA:24,2,1,1
BRDA:25,3,0,1
BRDA:25,3,1,0
BRDA:35,4,0,1
BRDA:35,4,1,0
BRF:10
BRH:7
end_of_record
TN:
SF:src\controllers\votesController.js
FN:4,vote
FNF:1
FNH:1
FNDA:4,vote
DA:5,4
DA:6,4
DA:7,4
DA:8,2
DA:10,2
DA:11,0
LF:6
LH:5
BRDA:10,0,0,2
BRDA:10,0,1,0
BRF:2
BRH:1
end_of_record
TN:
SF:src\errors\SongNotFound.js
FN:2,(anonymous_0)
FNF:1
FNH:1
FNDA:8,(anonymous_0)
DA:3,8
DA:4,8
LF:2
LH:2
BRF:0
BRH:0
end_of_record
TN:
SF:src\errors\ValidationError.js
FN:2,(anonymous_0)
FNF:1
FNH:1
FNDA:4,(anonymous_0)
DA:3,4
DA:4,4
LF:2
LH:2
BRF:0
BRH:0
end_of_record
TN:
SF:src\middlewares\errorHandler.js
FN:1,errorHandler
FNF:1
FNH:0
FNDA:0,errorHandler
DA:2,0
DA:3,0
LF:2
LH:0
BRF:0
BRH:0
end_of_record
TN:
SF:src\middlewares\formatLink.js
FN:1,formatLink
FNF:1
FNH:1
FNDA:9,formatLink
DA:2,9
DA:3,9
DA:4,9
DA:5,9
LF:4
LH:4
BRF:0
BRH:0
end_of_record
TN:
SF:src\repositories\recommendationsRepository.js
FN:3,createRecommendation
FN:10,getTopRecommendations
FN:18,getMaxAndMinScores
FN:26,getRandomRecommendations
FNF:4
FNH:4
FNDA:2,createRecommendation
FNDA:2,getTopRecommendations
FNDA:2,getMaxAndMinScores
FNDA:1,getRandomRecommendations
DA:4,2
DA:11,2
DA:15,2
DA:19,2
DA:23,2
DA:27,1
DA:28,1
LF:7
LH:7
BRF:0
BRH:0
end_of_record
TN:
SF:src\repositories\votesRepository.js
FN:3,getSongScore
FN:11,vote
FN:18,deleteSong
FNF:3
FNH:3
FNDA:4,getSongScore
FNDA:4,vote
FNDA:1,deleteSong
DA:4,4
DA:8,4
DA:12,4
DA:19,1
LF:4
LH:4
BRF:0
BRH:0
end_of_record
TN:
SF:src\routers\recommendationsRouter.js
FNF:0
FNH:0
DA:5,3
DA:7,3
DA:8,3
DA:10,3
DA:11,3
LF:5
LH:5
BRF:0
BRH:0
end_of_record
TN:
SF:src\routers\votesRouter.js
FNF:0
FNH:0
DA:4,3
DA:6,3
DA:7,3
LF:3
LH:3
BRF:0
BRH:0
end_of_record
TN:
SF:src\services\recommendationsService.js
FN:4,createRecommendation
FN:8,getTopRecommendations
FN:14,getRandomRecommendations
FNF:3
FNH:3
FNDA:2,createRecommendation
FNDA:4,getTopRecommendations
FNDA:10,getRandomRecommendations
DA:5,2
DA:9,4
DA:10,4
DA:11,2
DA:15,10
DA:16,10
DA:18,8
DA:19,8
DA:20,8
DA:21,8
DA:23,8
DA:24,8
DA:25,7
LF:13
LH:13
BRDA:10,0,0,2
BRDA:10,0,1,2
BRDA:16,1,0,2
BRDA:16,1,1,8
BRDA:20,2,0,1
BRDA:20,2,1,7
BRDA:20,3,0,8
BRDA:20,3,1,4
BRDA:21,4,0,1
BRDA:21,4,1,7
BRDA:21,5,0,8
BRDA:21,5,1,4
BRDA:24,6,0,1
BRDA:24,6,1,7
BRF:14
BRH:14
end_of_record
TN:
SF:src\services\votesService.js
FN:4,vote
FNF:1
FNH:1
FNDA:8,vote
DA:5,8
DA:6,8
DA:7,5
DA:8,1
DA:9,1
DA:12,4
DA:13,4
DA:14,4
LF:8
LH:8
BRDA:6,0,0,3
BRDA:6,0,1,5
BRDA:7,1,0,1
BRDA:7,1,1,4
BRDA:7,2,0,5
BRDA:7,2,1,3
BRDA:12,3,0,2
BRDA:12,3,1,2
BRF:8
BRH:8
end_of_record
TN:
SF:src\validations\schemas.js
FNF:0
FNH:0
DA:3,3
DA:15,3
LF:2
LH:2
BRF:0
BRH:0
end_of_record
TN:
SF:src\validations\validations.js
FN:4,validateRecommendation
FN:9,validateAmount
FNF:2
FNH:2
FNDA:5,validateRecommendation
FNDA:3,validateAmount
DA:5,5
DA:6,5
DA:10,3
DA:11,3
LF:4
LH:4
BRDA:6,0,0,3
BRDA:6,0,1,2
BRDA:11,1,0,1
BRDA:11,1,1,2
BRF:4
BRH:4
end_of_record
TN:
SF:tests\integration\factories\recommendationFactory.js
FN:3,recommendationFactory
FNF:1
FNH:1
FNDA:12,recommendationFactory
DA:4,12
LF:1
LH:1
BRF:0
BRH:0
end_of_record
